  ▲ Next.js 14.2.3
  - Local:        http://localhost:3010
  - Environments: .env.local

 ✓ Starting...
 ✓ Ready in 4.5s
 ○ Compiling /login ...
 ✓ Compiled /login in 17.7s (690 modules)
 GET /login 200 in 19923ms
 ✓ Compiled in 2.3s (289 modules)
 ○ Compiling /dashboard ...
 ✓ Compiled /dashboard in 10.9s (682 modules)
 GET /dashboard 200 in 11720ms
 ○ Compiling /admin ...
 ✓ Compiled /admin in 766ms (688 modules)
 GET /admin 200 in 1140ms
 ○ Compiling /[project-slug] ...
 ✓ Compiled /[project-slug] in 1006ms (694 modules)
 GET /nonexistent-project 200 in 3053ms
 ✓ Compiled in 19.8s (295 modules)
 ✓ Compiled in 9.4s (295 modules)
 ✓ Compiled in 8.1s (295 modules)
 ✓ Compiled in 25.5s (295 modules)
 ✓ Compiled in 2.3s (295 modules)
 ✓ Compiled in 10.6s (295 modules)
 ✓ Compiled in 10.5s (295 modules)
 ✓ Compiled in 7.1s (295 modules)
 ✓ Compiled in 2s (295 modules)
 ✓ Compiled in 3.8s (295 modules)
 ✓ Compiled in 2.9s (295 modules)
 ✓ Compiled in 2.9s (295 modules)
 ✓ Compiled in 2.1s (295 modules)
 ✓ Compiled in 3.2s (295 modules)
 ✓ Compiled in 3.6s (295 modules)
 ✓ Compiled in 17.4s (295 modules)
 ✓ Compiled in 9s (295 modules)
 ✓ Compiled in 8.1s (295 modules)
 ✓ Compiled in 2s (295 modules)
 ✓ Compiled in 4.6s (295 modules)
 ✓ Compiled in 4.3s (295 modules)
 ✓ Compiled in 23.8s (295 modules)
 ✓ Compiled in 8s (295 modules)
 ✓ Compiled in 5s (295 modules)
 ✓ Compiled in 4.5s (295 modules)
